<?xml version="1.0" encoding="UTF-8"?>
<!-- Generated by org.testng.reporters.JUnitReportReporter -->
<testsuite hostname="Buddy-PC" name="htw.mae.backend.MapDHIS2Test" tests="4" failures="0" timestamp="1 Jul 2014 10:37:18 GMT" time="0.008" errors="0">
  <testcase name="getLongitude" time="0.001" classname="htw.mae.backend.MapDHIS2Test"/>
  <testcase name="getZoom" time="0.001" classname="htw.mae.backend.MapDHIS2Test"/>
  <testcase name="testMap" time="0.006" classname="htw.mae.backend.MapDHIS2Test"/>
  <testcase name="getLatitude" time="0.000" classname="htw.mae.backend.MapDHIS2Test"/>
</testsuite> <!-- htw.mae.backend.MapDHIS2Test -->
